Using pre-set license
Built from '2021.1/staging' branch; Version is '2021.1.3f1 (4bef613afd59) revision 4976481'; Using compiler version '192528614'; Build Type 'Release'
OS: 'Windows 10 Home Single Language; OS build 19042.928; Version 2009; 64bit' Language: 'ru' Physical Memory: 8055 MB
BatchMode: 1, IsHumanControllingUs: 0, StartBugReporterOnCrash: 0, Is64bit: 1, IsPro: 0

 COMMAND LINE ARGUMENTS:
C:\Development\Unity\2021.1.3f1\Editor\Unity.exe
-adb2
-batchMode
-noUpm
-name
AssetImportWorker0
-projectPath
C:/Development/Projects/3D/Arkanoid3D
-logFile
Logs/AssetImportWorker0.log
-srvPort
57175
Successfully changed project path to: C:/Development/Projects/3D/Arkanoid3D
C:/Development/Projects/3D/Arkanoid3D
Using Asset Import Pipeline V2.
Refreshing native plugins compatible for Editor in 269.00 ms, found 1 plugins.
Preloading 0 native plugins for Editor in 0.00 ms.
Initialize engine version: 2021.1.3f1 (4bef613afd59)
[Subsystems] Discovering subsystems at path C:/Development/Unity/2021.1.3f1/Editor/Data/Resources/UnitySubsystems
[Subsystems] Discovering subsystems at path C:/Development/Projects/3D/Arkanoid3D/Assets
GfxDevice: creating device client; threaded=0; jobified=0
Direct3D:
    Version:  Direct3D 11.0 [level 11.0]
    Renderer: NVIDIA GeForce 920MX (ID=0x134f)
    Vendor:   NVIDIA
    VRAM:     2010 MB
    Driver:   27.21.14.6611
Initialize mono
Mono path[0] = 'C:/Development/Unity/2021.1.3f1/Editor/Data/Managed'
Mono path[1] = 'C:/Development/Unity/2021.1.3f1/Editor/Data/MonoBleedingEdge/lib/mono/unityjit'
Mono config path = 'C:/Development/Unity/2021.1.3f1/Editor/Data/MonoBleedingEdge/etc'
Using monoOptions --debugger-agent=transport=dt_socket,embedding=1,server=y,suspend=n,address=127.0.0.1:56920
Begin MonoManager ReloadAssembly
Registering precompiled unity dll's ...
Register platform support module: C:/Development/Unity/2021.1.3f1/Editor/Data/PlaybackEngines/WindowsStandaloneSupport/UnityEditor.WindowsStandalone.Extensions.dll
Registered in 0.006810 seconds.
Native extension for WindowsStandalone target not found
Refreshing native plugins compatible for Editor in 263.39 ms, found 1 plugins.
Preloading 0 native plugins for Editor in 0.00 ms.
Mono: successfully reloaded assembly
- Completed reload, in  6.229 seconds
Platform modules already initialized, skipping
Registering precompiled user dll's ...
Registered in 0.011344 seconds.
Begin MonoManager ReloadAssembly
Native extension for WindowsStandalone target not found
Refreshing native plugins compatible for Editor in 250.23 ms, found 1 plugins.
Preloading 0 native plugins for Editor in 0.00 ms.
Mono: successfully reloaded assembly
- Completed reload, in  3.558 seconds
Platform modules already initialized, skipping
========================================================================
Worker process is ready to serve import requests
Launched and connected shader compiler UnityShaderCompiler.exe after 0.32 seconds
Refreshing native plugins compatible for Editor in 1.87 ms, found 1 plugins.
Preloading 0 native plugins for Editor in 0.00 ms.
Unloading 2965 Unused Serialized files (Serialized files now loaded: 0)
System memory in use before: 109.0 MB.
System memory in use after: 109.1 MB.

Unloading 17 unused Assets to reduce memory usage. Loaded Objects now: 3419.
Total: 7.917900 ms (FindLiveObjects: 1.195000 ms CreateObjectMapping: 0.701200 ms MarkObjects: 5.792700 ms  DeleteObjects: 0.223900 ms)

========================================================================
Received Import Request.
  path: Assets/Scripts/Player/Platform
  artifactKey: Guid(4ef946dc34228a14fb3937134f47c55d) Importer(815301076,1909f56bfc062723c751e8b465ee728b)
Start importing Assets/Scripts/Player/Platform using Guid(4ef946dc34228a14fb3937134f47c55d) Importer(815301076,1909f56bfc062723c751e8b465ee728b)  -> (artifact id: 'ce1b81413d9fb80150c64b491ab1b700') in 0.034341 seconds 
========================================================================
Received Import Request.
  Time since last request: 0.000807 seconds.
  path: Assets/Scripts/Player/Ball/BallMovement.cs
  artifactKey: Guid(118d05ca02a8dbb4aafeaa54bdf1facb) Importer(815301076,1909f56bfc062723c751e8b465ee728b)
Start importing Assets/Scripts/Player/Ball/BallMovement.cs using Guid(118d05ca02a8dbb4aafeaa54bdf1facb) Importer(815301076,1909f56bfc062723c751e8b465ee728b)  -> (artifact id: 'bd1fd5b8fc25e40dd847f2a1903e754d') in 0.138844 seconds 
========================================================================
Received Import Request.
  Time since last request: 0.000619 seconds.
  path: Assets/Scripts/Player
  artifactKey: Guid(bf0a673b8b1e6654da8aa1830bf156dc) Importer(815301076,1909f56bfc062723c751e8b465ee728b)
Start importing Assets/Scripts/Player using Guid(bf0a673b8b1e6654da8aa1830bf156dc) Importer(815301076,1909f56bfc062723c751e8b465ee728b)  -> (artifact id: '4d8a19cc0c2a8667e9f7c02f4e53fb40') in 0.021351 seconds 
========================================================================
Received Prepare
Registering precompiled user dll's ...
Registered in 0.012231 seconds.
Begin MonoManager ReloadAssembly
Native extension for WindowsStandalone target not found
Refreshing native plugins compatible for Editor in 1.94 ms, found 1 plugins.
Preloading 0 native plugins for Editor in 0.00 ms.
Mono: successfully reloaded assembly
- Completed reload, in  3.803 seconds
Platform modules already initialized, skipping
Refreshing native plugins compatible for Editor in 2.24 ms, found 1 plugins.
Preloading 0 native plugins for Editor in 0.00 ms.
Unloading 2960 Unused Serialized files (Serialized files now loaded: 0)
System memory in use before: 109.1 MB.
System memory in use after: 109.3 MB.

Unloading 10 unused Assets to reduce memory usage. Loaded Objects now: 3422.
Total: 9.247600 ms (FindLiveObjects: 1.313100 ms CreateObjectMapping: 0.745900 ms MarkObjects: 7.002600 ms  DeleteObjects: 0.181200 ms)

========================================================================
Received Import Request.
  Time since last request: 991.835073 seconds.
  path: ProjectSettings/TagManager.asset
  artifactKey: Guid(00000000000000003000000000000000) Importer(815301076,1909f56bfc062723c751e8b465ee728b)
Start importing ProjectSettings/TagManager.asset using Guid(00000000000000003000000000000000) Importer(815301076,1909f56bfc062723c751e8b465ee728b)  -> (artifact id: 'b9cbcbd5ec071dbd154bae2fed9f97f6') in 0.306525 seconds 
========================================================================
Received Prepare
Registering precompiled user dll's ...
Registered in 0.019952 seconds.
Begin MonoManager ReloadAssembly
Native extension for WindowsStandalone target not found
Refreshing native plugins compatible for Editor in 1.92 ms, found 1 plugins.
Preloading 0 native plugins for Editor in 0.00 ms.
Mono: successfully reloaded assembly
- Completed reload, in  5.268 seconds
Platform modules already initialized, skipping
Refreshing native plugins compatible for Editor in 2.72 ms, found 1 plugins.
Preloading 0 native plugins for Editor in 0.00 ms.
Unloading 2960 Unused Serialized files (Serialized files now loaded: 0)
System memory in use before: 109.2 MB.
System memory in use after: 109.4 MB.

Unloading 11 unused Assets to reduce memory usage. Loaded Objects now: 3425.
Total: 9.312400 ms (FindLiveObjects: 1.268000 ms CreateObjectMapping: 0.812000 ms MarkObjects: 7.035500 ms  DeleteObjects: 0.191000 ms)

========================================================================
Received Prepare
Registering precompiled user dll's ...
Registered in 0.741753 seconds.
Begin MonoManager ReloadAssembly
Native extension for WindowsStandalone target not found
Refreshing native plugins compatible for Editor in 3.55 ms, found 1 plugins.
Preloading 0 native plugins for Editor in 0.00 ms.
Mono: successfully reloaded assembly
- Completed reload, in  6.986 seconds
Platform modules already initialized, skipping
Refreshing native plugins compatible for Editor in 1.95 ms, found 1 plugins.
Preloading 0 native plugins for Editor in 0.00 ms.
Unloading 2960 Unused Serialized files (Serialized files now loaded: 0)
System memory in use before: 109.2 MB.
System memory in use after: 109.4 MB.

Unloading 10 unused Assets to reduce memory usage. Loaded Objects now: 3428.
Total: 9.630800 ms (FindLiveObjects: 1.362600 ms CreateObjectMapping: 0.899700 ms MarkObjects: 7.215400 ms  DeleteObjects: 0.146600 ms)

========================================================================
Received Prepare
Registering precompiled user dll's ...
Registered in 0.065897 seconds.
Begin MonoManager ReloadAssembly
Native extension for WindowsStandalone target not found
Refreshing native plugins compatible for Editor in 1.98 ms, found 1 plugins.
Preloading 0 native plugins for Editor in 0.00 ms.
Mono: successfully reloaded assembly
- Completed reload, in  3.576 seconds
Platform modules already initialized, skipping
Refreshing native plugins compatible for Editor in 3.37 ms, found 1 plugins.
Preloading 0 native plugins for Editor in 0.00 ms.
Unloading 2960 Unused Serialized files (Serialized files now loaded: 0)
System memory in use before: 109.2 MB.
System memory in use after: 109.4 MB.

Unloading 10 unused Assets to reduce memory usage. Loaded Objects now: 3431.
Total: 9.005000 ms (FindLiveObjects: 1.325000 ms CreateObjectMapping: 0.793800 ms MarkObjects: 6.637400 ms  DeleteObjects: 0.242700 ms)

========================================================================
Received Prepare
Registering precompiled user dll's ...
Registered in 0.011782 seconds.
Begin MonoManager ReloadAssembly
Native extension for WindowsStandalone target not found
Refreshing native plugins compatible for Editor in 2.04 ms, found 1 plugins.
Preloading 0 native plugins for Editor in 0.00 ms.
Mono: successfully reloaded assembly
- Completed reload, in  3.480 seconds
Platform modules already initialized, skipping
Refreshing native plugins compatible for Editor in 1.98 ms, found 1 plugins.
Preloading 0 native plugins for Editor in 0.00 ms.
Unloading 2960 Unused Serialized files (Serialized files now loaded: 0)
System memory in use before: 109.2 MB.
System memory in use after: 109.4 MB.

Unloading 10 unused Assets to reduce memory usage. Loaded Objects now: 3434.
Total: 7.809400 ms (FindLiveObjects: 1.245000 ms CreateObjectMapping: 0.732200 ms MarkObjects: 5.678400 ms  DeleteObjects: 0.149100 ms)

========================================================================
Received Prepare
Registering precompiled user dll's ...
Registered in 0.020222 seconds.
Begin MonoManager ReloadAssembly
Native extension for WindowsStandalone target not found
Refreshing native plugins compatible for Editor in 2.53 ms, found 1 plugins.
Preloading 0 native plugins for Editor in 0.00 ms.
Mono: successfully reloaded assembly
- Completed reload, in  5.602 seconds
Platform modules already initialized, skipping
Refreshing native plugins compatible for Editor in 3.38 ms, found 1 plugins.
Preloading 0 native plugins for Editor in 0.00 ms.
Unloading 2960 Unused Serialized files (Serialized files now loaded: 0)
System memory in use before: 109.2 MB.
System memory in use after: 109.4 MB.

Unloading 10 unused Assets to reduce memory usage. Loaded Objects now: 3437.
Total: 7.534700 ms (FindLiveObjects: 1.179600 ms CreateObjectMapping: 0.703900 ms MarkObjects: 5.497600 ms  DeleteObjects: 0.147600 ms)

========================================================================
Received Prepare
Registering precompiled user dll's ...
Registered in 0.019807 seconds.
Begin MonoManager ReloadAssembly
Native extension for WindowsStandalone target not found
Refreshing native plugins compatible for Editor in 2.07 ms, found 1 plugins.
Preloading 0 native plugins for Editor in 0.00 ms.
Mono: successfully reloaded assembly
- Completed reload, in  3.623 seconds
Platform modules already initialized, skipping
Refreshing native plugins compatible for Editor in 1.94 ms, found 1 plugins.
Preloading 0 native plugins for Editor in 0.00 ms.
Unloading 2960 Unused Serialized files (Serialized files now loaded: 0)
System memory in use before: 109.2 MB.
System memory in use after: 109.4 MB.

Unloading 10 unused Assets to reduce memory usage. Loaded Objects now: 3440.
Total: 8.301700 ms (FindLiveObjects: 1.746100 ms CreateObjectMapping: 0.827800 ms MarkObjects: 5.572400 ms  DeleteObjects: 0.149900 ms)

========================================================================
Received Prepare
Registering precompiled user dll's ...
Registered in 0.010739 seconds.
Begin MonoManager ReloadAssembly
Native extension for WindowsStandalone target not found
Refreshing native plugins compatible for Editor in 3.36 ms, found 1 plugins.
Preloading 0 native plugins for Editor in 0.00 ms.
Mono: successfully reloaded assembly
- Completed reload, in  5.904 seconds
Platform modules already initialized, skipping
Refreshing native plugins compatible for Editor in 2.00 ms, found 1 plugins.
Preloading 0 native plugins for Editor in 0.00 ms.
Unloading 2960 Unused Serialized files (Serialized files now loaded: 0)
System memory in use before: 109.3 MB.
System memory in use after: 109.5 MB.

Unloading 10 unused Assets to reduce memory usage. Loaded Objects now: 3443.
Total: 8.416000 ms (FindLiveObjects: 1.662600 ms CreateObjectMapping: 0.780300 ms MarkObjects: 5.814800 ms  DeleteObjects: 0.151500 ms)

========================================================================
Received Prepare
Registering precompiled user dll's ...
Registered in 0.022506 seconds.
Begin MonoManager ReloadAssembly
Native extension for WindowsStandalone target not found
Refreshing native plugins compatible for Editor in 1.98 ms, found 1 plugins.
Preloading 0 native plugins for Editor in 0.00 ms.
Mono: successfully reloaded assembly
- Completed reload, in  4.441 seconds
Platform modules already initialized, skipping
Refreshing native plugins compatible for Editor in 3.29 ms, found 1 plugins.
Preloading 0 native plugins for Editor in 0.00 ms.
Unloading 2960 Unused Serialized files (Serialized files now loaded: 0)
System memory in use before: 109.3 MB.
System memory in use after: 109.5 MB.

Unloading 10 unused Assets to reduce memory usage. Loaded Objects now: 3446.
Total: 8.063800 ms (FindLiveObjects: 1.429000 ms CreateObjectMapping: 0.789600 ms MarkObjects: 5.692600 ms  DeleteObjects: 0.146800 ms)

========================================================================
Received Prepare
Registering precompiled user dll's ...
Registered in 0.017839 seconds.
Begin MonoManager ReloadAssembly
Native extension for WindowsStandalone target not found
Refreshing native plugins compatible for Editor in 2.50 ms, found 1 plugins.
Preloading 0 native plugins for Editor in 0.00 ms.
Mono: successfully reloaded assembly
- Completed reload, in  5.528 seconds
Platform modules already initialized, skipping
Refreshing native plugins compatible for Editor in 2.08 ms, found 1 plugins.
Preloading 0 native plugins for Editor in 0.00 ms.
Unloading 2960 Unused Serialized files (Serialized files now loaded: 0)
System memory in use before: 109.3 MB.
System memory in use after: 109.5 MB.

Unloading 10 unused Assets to reduce memory usage. Loaded Objects now: 3449.
Total: 9.788800 ms (FindLiveObjects: 1.423300 ms CreateObjectMapping: 0.763000 ms MarkObjects: 7.410100 ms  DeleteObjects: 0.180300 ms)

========================================================================
Received Prepare
Registering precompiled user dll's ...
Registered in 0.010560 seconds.
Begin MonoManager ReloadAssembly
Native extension for WindowsStandalone target not found
Refreshing native plugins compatible for Editor in 2.60 ms, found 1 plugins.
Preloading 0 native plugins for Editor in 0.00 ms.
Mono: successfully reloaded assembly
- Completed reload, in  3.383 seconds
Platform modules already initialized, skipping
Refreshing native plugins compatible for Editor in 1.98 ms, found 1 plugins.
Preloading 0 native plugins for Editor in 0.00 ms.
Unloading 2960 Unused Serialized files (Serialized files now loaded: 0)
System memory in use before: 109.3 MB.
System memory in use after: 109.5 MB.

Unloading 10 unused Assets to reduce memory usage. Loaded Objects now: 3452.
Total: 7.834200 ms (FindLiveObjects: 1.112400 ms CreateObjectMapping: 0.679100 ms MarkObjects: 5.876400 ms  DeleteObjects: 0.159900 ms)

========================================================================
Received Prepare
Registering precompiled user dll's ...
Registered in 0.016993 seconds.
Begin MonoManager ReloadAssembly
Native extension for WindowsStandalone target not found
Refreshing native plugins compatible for Editor in 7.64 ms, found 1 plugins.
Preloading 0 native plugins for Editor in 0.00 ms.
Mono: successfully reloaded assembly
- Completed reload, in  4.370 seconds
Platform modules already initialized, skipping
Refreshing native plugins compatible for Editor in 1.87 ms, found 1 plugins.
Preloading 0 native plugins for Editor in 0.00 ms.
Unloading 2960 Unused Serialized files (Serialized files now loaded: 0)
System memory in use before: 109.3 MB.
System memory in use after: 109.5 MB.

Unloading 10 unused Assets to reduce memory usage. Loaded Objects now: 3455.
Total: 16.849300 ms (FindLiveObjects: 4.480700 ms CreateObjectMapping: 1.169000 ms MarkObjects: 10.880800 ms  DeleteObjects: 0.311600 ms)

========================================================================
Received Prepare
Registering precompiled user dll's ...
Registered in 0.010358 seconds.
Begin MonoManager ReloadAssembly
Native extension for WindowsStandalone target not found
Refreshing native plugins compatible for Editor in 2.12 ms, found 1 plugins.
Preloading 0 native plugins for Editor in 0.00 ms.
Mono: successfully reloaded assembly
- Completed reload, in  3.890 seconds
Platform modules already initialized, skipping
Refreshing native plugins compatible for Editor in 3.69 ms, found 1 plugins.
Preloading 0 native plugins for Editor in 0.00 ms.
Unloading 2960 Unused Serialized files (Serialized files now loaded: 0)
System memory in use before: 109.3 MB.
System memory in use after: 109.5 MB.

Unloading 10 unused Assets to reduce memory usage. Loaded Objects now: 3458.
Total: 7.840600 ms (FindLiveObjects: 1.305400 ms CreateObjectMapping: 0.738600 ms MarkObjects: 5.640000 ms  DeleteObjects: 0.151100 ms)

========================================================================
Received Prepare
Registering precompiled user dll's ...
Registered in 0.033793 seconds.
Begin MonoManager ReloadAssembly
Native extension for WindowsStandalone target not found
Refreshing native plugins compatible for Editor in 3.60 ms, found 1 plugins.
Preloading 0 native plugins for Editor in 0.00 ms.
Mono: successfully reloaded assembly
- Completed reload, in  5.590 seconds
Platform modules already initialized, skipping
Refreshing native plugins compatible for Editor in 2.04 ms, found 1 plugins.
Preloading 0 native plugins for Editor in 0.00 ms.
Unloading 2960 Unused Serialized files (Serialized files now loaded: 0)
System memory in use before: 109.3 MB.
System memory in use after: 109.5 MB.

Unloading 10 unused Assets to reduce memory usage. Loaded Objects now: 3461.
Total: 20.675300 ms (FindLiveObjects: 1.575100 ms CreateObjectMapping: 0.948800 ms MarkObjects: 10.686100 ms  DeleteObjects: 7.459400 ms)

========================================================================
Received Prepare
Registering precompiled user dll's ...
Registered in 0.012660 seconds.
Begin MonoManager ReloadAssembly
Native extension for WindowsStandalone target not found
Refreshing native plugins compatible for Editor in 1.88 ms, found 1 plugins.
Preloading 0 native plugins for Editor in 0.00 ms.
Mono: successfully reloaded assembly
- Completed reload, in  3.536 seconds
Platform modules already initialized, skipping
Refreshing native plugins compatible for Editor in 4.02 ms, found 1 plugins.
Preloading 0 native plugins for Editor in 0.00 ms.
Unloading 2960 Unused Serialized files (Serialized files now loaded: 0)
System memory in use before: 109.3 MB.
System memory in use after: 109.5 MB.

Unloading 10 unused Assets to reduce memory usage. Loaded Objects now: 3464.
Total: 8.586700 ms (FindLiveObjects: 1.319000 ms CreateObjectMapping: 0.696100 ms MarkObjects: 6.424800 ms  DeleteObjects: 0.141600 ms)

========================================================================
Received Import Request.
  Time since last request: 9714.055619 seconds.
  path: Assets/Prefabs/Ball.prefab
  artifactKey: Guid(163d791254114744e9c76a55b77eff5f) Importer(815301076,1909f56bfc062723c751e8b465ee728b)
Start importing Assets/Prefabs/Ball.prefab using Guid(163d791254114744e9c76a55b77eff5f) Importer(815301076,1909f56bfc062723c751e8b465ee728b)  -> (artifact id: '04ac8ad3512c25cf7d32734403c41113') in 0.766561 seconds 
========================================================================
Received Import Request.
  Time since last request: 6.109033 seconds.
  path: Assets/Prefabs/Ball.prefab
  artifactKey: Guid(163d791254114744e9c76a55b77eff5f) Importer(815301076,1909f56bfc062723c751e8b465ee728b)
Start importing Assets/Prefabs/Ball.prefab using Guid(163d791254114744e9c76a55b77eff5f) Importer(815301076,1909f56bfc062723c751e8b465ee728b)  -> (artifact id: '565a5eb7f2bd5a4dcdc888d86d3412c3') in 0.057605 seconds 
========================================================================
Received Prepare
Registering precompiled user dll's ...
Registered in 0.012420 seconds.
Begin MonoManager ReloadAssembly
Native extension for WindowsStandalone target not found
Refreshing native plugins compatible for Editor in 3.55 ms, found 1 plugins.
Preloading 0 native plugins for Editor in 0.00 ms.
Mono: successfully reloaded assembly
- Completed reload, in  4.949 seconds
Platform modules already initialized, skipping
Refreshing native plugins compatible for Editor in 2.19 ms, found 1 plugins.
Preloading 0 native plugins for Editor in 0.00 ms.
Unloading 2960 Unused Serialized files (Serialized files now loaded: 0)
System memory in use before: 113.0 MB.
System memory in use after: 113.2 MB.

Unloading 10 unused Assets to reduce memory usage. Loaded Objects now: 3475.
Total: 9.515700 ms (FindLiveObjects: 1.479000 ms CreateObjectMapping: 0.869900 ms MarkObjects: 7.022100 ms  DeleteObjects: 0.140100 ms)

========================================================================
Received Import Request.
  Time since last request: 58.310502 seconds.
  path: Assets/Prefabs/Ball.prefab
  artifactKey: Guid(163d791254114744e9c76a55b77eff5f) Importer(815301076,1909f56bfc062723c751e8b465ee728b)
Start importing Assets/Prefabs/Ball.prefab using Guid(163d791254114744e9c76a55b77eff5f) Importer(815301076,1909f56bfc062723c751e8b465ee728b)  -> (artifact id: '91c43c374ba8f4bac6e599a6178e2d3c') in 0.388490 seconds 
========================================================================
Received Import Request.
  Time since last request: 3.484780 seconds.
  path: Assets/Prefabs/Ball.prefab
  artifactKey: Guid(163d791254114744e9c76a55b77eff5f) Importer(815301076,1909f56bfc062723c751e8b465ee728b)
Start importing Assets/Prefabs/Ball.prefab using Guid(163d791254114744e9c76a55b77eff5f) Importer(815301076,1909f56bfc062723c751e8b465ee728b)  -> (artifact id: 'ae7dc5b74891ddc450f7272a29347fdd') in 0.067793 seconds 
========================================================================
Received Prepare
Registering precompiled user dll's ...
Registered in 0.014239 seconds.
Begin MonoManager ReloadAssembly
Native extension for WindowsStandalone target not found
Refreshing native plugins compatible for Editor in 2.24 ms, found 1 plugins.
Preloading 0 native plugins for Editor in 0.00 ms.
Mono: successfully reloaded assembly
- Completed reload, in  4.210 seconds
Platform modules already initialized, skipping
Refreshing native plugins compatible for Editor in 1.92 ms, found 1 plugins.
Preloading 0 native plugins for Editor in 0.00 ms.
Unloading 2960 Unused Serialized files (Serialized files now loaded: 0)
System memory in use before: 113.0 MB.
System memory in use after: 113.2 MB.

Unloading 10 unused Assets to reduce memory usage. Loaded Objects now: 3479.
Total: 8.136300 ms (FindLiveObjects: 1.365100 ms CreateObjectMapping: 0.757700 ms MarkObjects: 5.857100 ms  DeleteObjects: 0.149600 ms)

========================================================================
Received Import Request.
  Time since last request: 82.024295 seconds.
  path: Assets/Prefabs/Ball.prefab
  artifactKey: Guid(163d791254114744e9c76a55b77eff5f) Importer(815301076,1909f56bfc062723c751e8b465ee728b)
Start importing Assets/Prefabs/Ball.prefab using Guid(163d791254114744e9c76a55b77eff5f) Importer(815301076,1909f56bfc062723c751e8b465ee728b)  -> (artifact id: 'cf56db4b4eb7f584177277b3061f1017') in 0.327207 seconds 
========================================================================
Received Prepare
Registering precompiled user dll's ...
Registered in 0.012049 seconds.
Begin MonoManager ReloadAssembly
Native extension for WindowsStandalone target not found
Refreshing native plugins compatible for Editor in 2.09 ms, found 1 plugins.
Preloading 0 native plugins for Editor in 0.00 ms.
Mono: successfully reloaded assembly
- Completed reload, in  4.406 seconds
Platform modules already initialized, skipping
Refreshing native plugins compatible for Editor in 2.47 ms, found 1 plugins.
Preloading 0 native plugins for Editor in 0.00 ms.
Unloading 2960 Unused Serialized files (Serialized files now loaded: 0)
System memory in use before: 113.0 MB.
System memory in use after: 113.2 MB.

Unloading 10 unused Assets to reduce memory usage. Loaded Objects now: 3483.
Total: 8.497300 ms (FindLiveObjects: 1.749100 ms CreateObjectMapping: 0.885000 ms MarkObjects: 5.714800 ms  DeleteObjects: 0.143500 ms)

========================================================================
Received Import Request.
  Time since last request: 79.952158 seconds.
  path: Assets/Prefabs/Ball.prefab
  artifactKey: Guid(163d791254114744e9c76a55b77eff5f) Importer(815301076,1909f56bfc062723c751e8b465ee728b)
Start importing Assets/Prefabs/Ball.prefab using Guid(163d791254114744e9c76a55b77eff5f) Importer(815301076,1909f56bfc062723c751e8b465ee728b)  -> (artifact id: '5752dbef605de6fe0b487406c9fd5006') in 0.311133 seconds 
========================================================================
Received Prepare
Registering precompiled user dll's ...
Registered in 0.011223 seconds.
Begin MonoManager ReloadAssembly
Native extension for WindowsStandalone target not found
Refreshing native plugins compatible for Editor in 1.99 ms, found 1 plugins.
Preloading 0 native plugins for Editor in 0.00 ms.
Mono: successfully reloaded assembly
- Completed reload, in  3.238 seconds
Platform modules already initialized, skipping
Refreshing native plugins compatible for Editor in 1.92 ms, found 1 plugins.
Preloading 0 native plugins for Editor in 0.00 ms.
Unloading 2960 Unused Serialized files (Serialized files now loaded: 0)
System memory in use before: 113.0 MB.
System memory in use after: 113.2 MB.

Unloading 10 unused Assets to reduce memory usage. Loaded Objects now: 3487.
Total: 7.842500 ms (FindLiveObjects: 1.259800 ms CreateObjectMapping: 0.732400 ms MarkObjects: 5.696700 ms  DeleteObjects: 0.148400 ms)

========================================================================
Received Import Request.
  Time since last request: 48.642134 seconds.
  path: Assets/Prefabs/Ball.prefab
  artifactKey: Guid(163d791254114744e9c76a55b77eff5f) Importer(815301076,1909f56bfc062723c751e8b465ee728b)
Start importing Assets/Prefabs/Ball.prefab using Guid(163d791254114744e9c76a55b77eff5f) Importer(815301076,1909f56bfc062723c751e8b465ee728b)  -> (artifact id: '966d59701ce585761128b1412983830f') in 0.193873 seconds 
========================================================================
Received Prepare
Registering precompiled user dll's ...
Registered in 0.012551 seconds.
Begin MonoManager ReloadAssembly
Native extension for WindowsStandalone target not found
Refreshing native plugins compatible for Editor in 2.77 ms, found 1 plugins.
Preloading 0 native plugins for Editor in 0.00 ms.
Mono: successfully reloaded assembly
- Completed reload, in  3.489 seconds
Platform modules already initialized, skipping
Refreshing native plugins compatible for Editor in 1.91 ms, found 1 plugins.
Preloading 0 native plugins for Editor in 0.00 ms.
Unloading 2960 Unused Serialized files (Serialized files now loaded: 0)
System memory in use before: 113.0 MB.
System memory in use after: 113.2 MB.

Unloading 10 unused Assets to reduce memory usage. Loaded Objects now: 3491.
Total: 8.204300 ms (FindLiveObjects: 1.456000 ms CreateObjectMapping: 0.773000 ms MarkObjects: 5.820800 ms  DeleteObjects: 0.147700 ms)

========================================================================
Received Prepare
Registering precompiled user dll's ...
Registered in 0.012445 seconds.
Begin MonoManager ReloadAssembly
Native extension for WindowsStandalone target not found
Refreshing native plugins compatible for Editor in 1.94 ms, found 1 plugins.
Preloading 0 native plugins for Editor in 0.00 ms.
Mono: successfully reloaded assembly
- Completed reload, in  4.392 seconds
Platform modules already initialized, skipping
Refreshing native plugins compatible for Editor in 1.92 ms, found 1 plugins.
Preloading 0 native plugins for Editor in 0.00 ms.
Unloading 2960 Unused Serialized files (Serialized files now loaded: 0)
System memory in use before: 113.0 MB.
System memory in use after: 113.3 MB.

Unloading 10 unused Assets to reduce memory usage. Loaded Objects now: 3494.
Total: 8.684700 ms (FindLiveObjects: 1.148100 ms CreateObjectMapping: 0.716400 ms MarkObjects: 6.660800 ms  DeleteObjects: 0.153800 ms)

========================================================================
Received Prepare
Registering precompiled user dll's ...
Registered in 0.011091 seconds.
Begin MonoManager ReloadAssembly
Native extension for WindowsStandalone target not found
Refreshing native plugins compatible for Editor in 2.09 ms, found 1 plugins.
Preloading 0 native plugins for Editor in 0.00 ms.
Mono: successfully reloaded assembly
- Completed reload, in  3.111 seconds
Platform modules already initialized, skipping
Refreshing native plugins compatible for Editor in 2.21 ms, found 1 plugins.
Preloading 0 native plugins for Editor in 0.00 ms.
Unloading 2960 Unused Serialized files (Serialized files now loaded: 0)
System memory in use before: 113.1 MB.
System memory in use after: 113.3 MB.

Unloading 10 unused Assets to reduce memory usage. Loaded Objects now: 3497.
Total: 8.303200 ms (FindLiveObjects: 1.305700 ms CreateObjectMapping: 0.769800 ms MarkObjects: 6.076600 ms  DeleteObjects: 0.145300 ms)

========================================================================
Received Prepare
Registering precompiled user dll's ...
Registered in 0.011647 seconds.
Begin MonoManager ReloadAssembly
Native extension for WindowsStandalone target not found
Refreshing native plugins compatible for Editor in 1.90 ms, found 1 plugins.
Preloading 0 native plugins for Editor in 0.00 ms.
Mono: successfully reloaded assembly
- Completed reload, in  3.412 seconds
Platform modules already initialized, skipping
Refreshing native plugins compatible for Editor in 2.02 ms, found 1 plugins.
Preloading 0 native plugins for Editor in 0.00 ms.
Unloading 2960 Unused Serialized files (Serialized files now loaded: 0)
System memory in use before: 113.1 MB.
System memory in use after: 113.3 MB.

Unloading 10 unused Assets to reduce memory usage. Loaded Objects now: 3500.
Total: 8.021000 ms (FindLiveObjects: 1.392100 ms CreateObjectMapping: 0.743500 ms MarkObjects: 5.733100 ms  DeleteObjects: 0.145600 ms)

========================================================================
Received Prepare
Registering precompiled user dll's ...
Registered in 0.014699 seconds.
Begin MonoManager ReloadAssembly
Native extension for WindowsStandalone target not found
Refreshing native plugins compatible for Editor in 3.02 ms, found 1 plugins.
Preloading 0 native plugins for Editor in 0.00 ms.
Mono: successfully reloaded assembly
- Completed reload, in  4.253 seconds
Platform modules already initialized, skipping
Refreshing native plugins compatible for Editor in 2.21 ms, found 1 plugins.
Preloading 0 native plugins for Editor in 0.00 ms.
Unloading 2960 Unused Serialized files (Serialized files now loaded: 0)
System memory in use before: 113.1 MB.
System memory in use after: 113.3 MB.

Unloading 10 unused Assets to reduce memory usage. Loaded Objects now: 3503.
Total: 8.065100 ms (FindLiveObjects: 1.499300 ms CreateObjectMapping: 0.775300 ms MarkObjects: 5.637000 ms  DeleteObjects: 0.147900 ms)

========================================================================
Received Prepare
Registering precompiled user dll's ...
Registered in 0.010748 seconds.
Begin MonoManager ReloadAssembly
Native extension for WindowsStandalone target not found
Refreshing native plugins compatible for Editor in 2.00 ms, found 1 plugins.
Preloading 0 native plugins for Editor in 0.00 ms.
Mono: successfully reloaded assembly
- Completed reload, in  2.991 seconds
Platform modules already initialized, skipping
Refreshing native plugins compatible for Editor in 1.97 ms, found 1 plugins.
Preloading 0 native plugins for Editor in 0.00 ms.
Unloading 2960 Unused Serialized files (Serialized files now loaded: 0)
System memory in use before: 113.1 MB.
System memory in use after: 113.3 MB.

Unloading 10 unused Assets to reduce memory usage. Loaded Objects now: 3506.
Total: 7.875600 ms (FindLiveObjects: 1.198600 ms CreateObjectMapping: 0.691100 ms MarkObjects: 5.830700 ms  DeleteObjects: 0.149100 ms)

========================================================================
Received Import Request.
  Time since last request: 713.070459 seconds.
  path: Assets/Prefabs/Ball.prefab
  artifactKey: Guid(163d791254114744e9c76a55b77eff5f) Importer(815301076,1909f56bfc062723c751e8b465ee728b)
Start importing Assets/Prefabs/Ball.prefab using Guid(163d791254114744e9c76a55b77eff5f) Importer(815301076,1909f56bfc062723c751e8b465ee728b)  -> (artifact id: '7ab91a666f191dc2f53a498610427346') in 0.240171 seconds 
========================================================================
Received Import Request.
  Time since last request: 48.853366 seconds.
  path: Assets/Prefabs/Ball.prefab
  artifactKey: Guid(163d791254114744e9c76a55b77eff5f) Importer(815301076,1909f56bfc062723c751e8b465ee728b)
Start importing Assets/Prefabs/Ball.prefab using Guid(163d791254114744e9c76a55b77eff5f) Importer(815301076,1909f56bfc062723c751e8b465ee728b)  -> (artifact id: 'b46d4b4780d06e1d9c3d7e2da2494a62') in 0.081041 seconds 
========================================================================
Received Prepare
Registering precompiled user dll's ...
Registered in 0.010856 seconds.
Begin MonoManager ReloadAssembly
Native extension for WindowsStandalone target not found
Refreshing native plugins compatible for Editor in 2.23 ms, found 1 plugins.
Preloading 0 native plugins for Editor in 0.00 ms.
Mono: successfully reloaded assembly
- Completed reload, in  3.355 seconds
Platform modules already initialized, skipping
Refreshing native plugins compatible for Editor in 2.19 ms, found 1 plugins.
Preloading 0 native plugins for Editor in 0.00 ms.
Unloading 2960 Unused Serialized files (Serialized files now loaded: 0)
System memory in use before: 113.1 MB.
System memory in use after: 113.3 MB.

Unloading 10 unused Assets to reduce memory usage. Loaded Objects now: 3510.
Total: 18.822800 ms (FindLiveObjects: 1.489200 ms CreateObjectMapping: 1.298700 ms MarkObjects: 12.567900 ms  DeleteObjects: 3.461100 ms)

========================================================================
Received Import Request.
  Time since last request: 150.423903 seconds.
  path: Assets/Prefabs/Ball.prefab
  artifactKey: Guid(163d791254114744e9c76a55b77eff5f) Importer(815301076,1909f56bfc062723c751e8b465ee728b)
Start importing Assets/Prefabs/Ball.prefab using Guid(163d791254114744e9c76a55b77eff5f) Importer(815301076,1909f56bfc062723c751e8b465ee728b)  -> (artifact id: 'df46e3b16ef0e0f2de0eff04fb165e09') in 0.468650 seconds 
========================================================================
Received Prepare
Registering precompiled user dll's ...
Registered in 0.013232 seconds.
Begin MonoManager ReloadAssembly
Native extension for WindowsStandalone target not found
Refreshing native plugins compatible for Editor in 2.17 ms, found 1 plugins.
Preloading 0 native plugins for Editor in 0.00 ms.
Mono: successfully reloaded assembly
- Completed reload, in  3.539 seconds
Platform modules already initialized, skipping
Refreshing native plugins compatible for Editor in 2.02 ms, found 1 plugins.
Preloading 0 native plugins for Editor in 0.00 ms.
Unloading 2960 Unused Serialized files (Serialized files now loaded: 0)
System memory in use before: 113.1 MB.
System memory in use after: 113.3 MB.

Unloading 10 unused Assets to reduce memory usage. Loaded Objects now: 3514.
Total: 7.813600 ms (FindLiveObjects: 1.264800 ms CreateObjectMapping: 0.733300 ms MarkObjects: 5.638600 ms  DeleteObjects: 0.171200 ms)

========================================================================
Received Import Request.
  Time since last request: 185.507733 seconds.
  path: Assets/Prefabs/Ball.prefab
  artifactKey: Guid(163d791254114744e9c76a55b77eff5f) Importer(815301076,1909f56bfc062723c751e8b465ee728b)
Start importing Assets/Prefabs/Ball.prefab using Guid(163d791254114744e9c76a55b77eff5f) Importer(815301076,1909f56bfc062723c751e8b465ee728b)  -> (artifact id: '28f7ba5518653a7b147355c18d72dce4') in 0.198511 seconds 
========================================================================
Received Prepare
Registering precompiled user dll's ...
Registered in 0.016652 seconds.
Begin MonoManager ReloadAssembly
Native extension for WindowsStandalone target not found
Refreshing native plugins compatible for Editor in 2.01 ms, found 1 plugins.
Preloading 0 native plugins for Editor in 0.00 ms.
Mono: successfully reloaded assembly
- Completed reload, in  3.551 seconds
Platform modules already initialized, skipping
Refreshing native plugins compatible for Editor in 1.99 ms, found 1 plugins.
Preloading 0 native plugins for Editor in 0.00 ms.
Unloading 2960 Unused Serialized files (Serialized files now loaded: 0)
System memory in use before: 113.1 MB.
System memory in use after: 113.3 MB.

Unloading 10 unused Assets to reduce memory usage. Loaded Objects now: 3518.
Total: 8.782900 ms (FindLiveObjects: 1.439700 ms CreateObjectMapping: 0.890800 ms MarkObjects: 6.294500 ms  DeleteObjects: 0.151600 ms)

========================================================================
Received Prepare
Registering precompiled user dll's ...
Registered in 0.010608 seconds.
Begin MonoManager ReloadAssembly
Native extension for WindowsStandalone target not found
Refreshing native plugins compatible for Editor in 2.00 ms, found 1 plugins.
Preloading 0 native plugins for Editor in 0.00 ms.
Mono: successfully reloaded assembly
- Completed reload, in  3.264 seconds
Platform modules already initialized, skipping
Refreshing native plugins compatible for Editor in 2.01 ms, found 1 plugins.
Preloading 0 native plugins for Editor in 0.00 ms.
Unloading 2960 Unused Serialized files (Serialized files now loaded: 0)
System memory in use before: 113.1 MB.
System memory in use after: 113.3 MB.

Unloading 10 unused Assets to reduce memory usage. Loaded Objects now: 3521.
Total: 7.993900 ms (FindLiveObjects: 1.200200 ms CreateObjectMapping: 0.718700 ms MarkObjects: 5.917600 ms  DeleteObjects: 0.151300 ms)

========================================================================
Received Prepare
Registering precompiled user dll's ...
Registered in 0.015126 seconds.
Begin MonoManager ReloadAssembly
Native extension for WindowsStandalone target not found
Refreshing native plugins compatible for Editor in 2.57 ms, found 1 plugins.
Preloading 0 native plugins for Editor in 0.00 ms.
Mono: successfully reloaded assembly
- Completed reload, in  3.939 seconds
Platform modules already initialized, skipping
Refreshing native plugins compatible for Editor in 2.29 ms, found 1 plugins.
Preloading 0 native plugins for Editor in 0.00 ms.
Unloading 2960 Unused Serialized files (Serialized files now loaded: 0)
System memory in use before: 113.1 MB.
System memory in use after: 113.3 MB.

Unloading 10 unused Assets to reduce memory usage. Loaded Objects now: 3524.
Total: 9.017500 ms (FindLiveObjects: 1.596400 ms CreateObjectMapping: 0.998200 ms MarkObjects: 6.262000 ms  DeleteObjects: 0.154500 ms)

========================================================================
Received Prepare
Registering precompiled user dll's ...
Registered in 0.013048 seconds.
Begin MonoManager ReloadAssembly
Native extension for WindowsStandalone target not found
Refreshing native plugins compatible for Editor in 1.93 ms, found 1 plugins.
Preloading 0 native plugins for Editor in 0.00 ms.
Mono: successfully reloaded assembly
- Completed reload, in  3.324 seconds
Platform modules already initialized, skipping
Refreshing native plugins compatible for Editor in 1.89 ms, found 1 plugins.
Preloading 0 native plugins for Editor in 0.00 ms.
Unloading 2960 Unused Serialized files (Serialized files now loaded: 0)
System memory in use before: 113.1 MB.
System memory in use after: 113.3 MB.

Unloading 10 unused Assets to reduce memory usage. Loaded Objects now: 3527.
Total: 9.238100 ms (FindLiveObjects: 1.748500 ms CreateObjectMapping: 1.028700 ms MarkObjects: 6.302700 ms  DeleteObjects: 0.152600 ms)

========================================================================
Received Prepare
Registering precompiled user dll's ...
Registered in 0.023533 seconds.
Begin MonoManager ReloadAssembly
Native extension for WindowsStandalone target not found
Refreshing native plugins compatible for Editor in 1.97 ms, found 1 plugins.
Preloading 0 native plugins for Editor in 0.00 ms.
Mono: successfully reloaded assembly
- Completed reload, in  3.574 seconds
Platform modules already initialized, skipping
Refreshing native plugins compatible for Editor in 2.06 ms, found 1 plugins.
Preloading 0 native plugins for Editor in 0.00 ms.
Unloading 2960 Unused Serialized files (Serialized files now loaded: 0)
System memory in use before: 113.2 MB.
System memory in use after: 113.4 MB.

Unloading 10 unused Assets to reduce memory usage. Loaded Objects now: 3530.
Total: 7.617300 ms (FindLiveObjects: 1.161000 ms CreateObjectMapping: 0.697900 ms MarkObjects: 5.605000 ms  DeleteObjects: 0.147800 ms)

========================================================================
Received Prepare
Registering precompiled user dll's ...
Registered in 0.010098 seconds.
Begin MonoManager ReloadAssembly
Native extension for WindowsStandalone target not found
Refreshing native plugins compatible for Editor in 1.97 ms, found 1 plugins.
Preloading 0 native plugins for Editor in 0.00 ms.
Mono: successfully reloaded assembly
- Completed reload, in  3.336 seconds
Platform modules already initialized, skipping
Refreshing native plugins compatible for Editor in 1.89 ms, found 1 plugins.
Preloading 0 native plugins for Editor in 0.00 ms.
Unloading 2960 Unused Serialized files (Serialized files now loaded: 0)
System memory in use before: 113.2 MB.
System memory in use after: 113.4 MB.

Unloading 10 unused Assets to reduce memory usage. Loaded Objects now: 3533.
Total: 8.115200 ms (FindLiveObjects: 1.563900 ms CreateObjectMapping: 0.732700 ms MarkObjects: 5.668300 ms  DeleteObjects: 0.145500 ms)

========================================================================
Received Import Request.
  Time since last request: 262.557009 seconds.
  path: Assets/Textures/Materials/Ball.mat
  artifactKey: Guid(4802ec7f7a4783d4b911d5e4cb78d29f) Importer(815301076,1909f56bfc062723c751e8b465ee728b)
Start importing Assets/Textures/Materials/Ball.mat using Guid(4802ec7f7a4783d4b911d5e4cb78d29f) Importer(815301076,1909f56bfc062723c751e8b465ee728b)  -> (artifact id: 'b9f0dd9ee438da53ca4180b3e6dff866') in 0.264940 seconds 
========================================================================
Received Import Request.
  Time since last request: 0.000859 seconds.
  path: Assets/Textures/Materials/Brown.mat
  artifactKey: Guid(851fcace4676caf4e9fa1cdccbee66f7) Importer(815301076,1909f56bfc062723c751e8b465ee728b)
Start importing Assets/Textures/Materials/Brown.mat using Guid(851fcace4676caf4e9fa1cdccbee66f7) Importer(815301076,1909f56bfc062723c751e8b465ee728b)  -> (artifact id: '165e19ba31b55222863ca4ae9f43e688') in 0.118766 seconds 
========================================================================
Received Import Request.
  Time since last request: 0.000613 seconds.
  path: Assets/Textures/Materials/Yellow.mat
  artifactKey: Guid(722b86e5451e46044b828b790e39d6ca) Importer(815301076,1909f56bfc062723c751e8b465ee728b)
Start importing Assets/Textures/Materials/Yellow.mat using Guid(722b86e5451e46044b828b790e39d6ca) Importer(815301076,1909f56bfc062723c751e8b465ee728b)  -> (artifact id: '838cb45a6b6a3a74a3a2f065e2d4200d') in 0.139432 seconds 
========================================================================
Received Import Request.
  Time since last request: 0.000709 seconds.
  path: Assets/Textures/Materials/Red.mat
  artifactKey: Guid(997c5877335b38949bbfdebf3789f6ce) Importer(815301076,1909f56bfc062723c751e8b465ee728b)
Start importing Assets/Textures/Materials/Red.mat using Guid(997c5877335b38949bbfdebf3789f6ce) Importer(815301076,1909f56bfc062723c751e8b465ee728b)  -> (artifact id: '998d564c777f1782f914a4301ccb042f') in 0.111777 seconds 
========================================================================
Received Import Request.
  Time since last request: 0.000679 seconds.
  path: Assets/Textures/Materials/Green.mat
  artifactKey: Guid(683b100150f22a043bd4e7832d881355) Importer(815301076,1909f56bfc062723c751e8b465ee728b)
Start importing Assets/Textures/Materials/Green.mat using Guid(683b100150f22a043bd4e7832d881355) Importer(815301076,1909f56bfc062723c751e8b465ee728b)  -> (artifact id: '381fe21fd66a9f05105fe467c88706a3') in 0.091573 seconds 
========================================================================
Received Prepare
Registering precompiled user dll's ...
Registered in 0.010863 seconds.
Begin MonoManager ReloadAssembly
Native extension for WindowsStandalone target not found
Refreshing native plugins compatible for Editor in 3.84 ms, found 1 plugins.
Preloading 0 native plugins for Editor in 0.00 ms.
Mono: successfully reloaded assembly
- Completed reload, in  3.451 seconds
Platform modules already initialized, skipping
Refreshing native plugins compatible for Editor in 2.28 ms, found 1 plugins.
Preloading 0 native plugins for Editor in 0.00 ms.
Unloading 2960 Unused Serialized files (Serialized files now loaded: 0)
System memory in use before: 113.4 MB.
System memory in use after: 113.6 MB.

Unloading 10 unused Assets to reduce memory usage. Loaded Objects now: 3570.
Total: 13.103800 ms (FindLiveObjects: 1.312600 ms CreateObjectMapping: 0.790200 ms MarkObjects: 10.838100 ms  DeleteObjects: 0.158000 ms)

AssetImportWorkerClient::OnTransportError - code=2 error=End of file
